# JRE version: OpenJDK Runtime Environment Microsoft-8035246 (17.0.8+7) (build 17.0.8+7-LTS)
# Java VM: OpenJDK 64-Bit Server VM Microsoft-8035246 (17.0.8+7-LTS, mixed mode, sharing, tiered, compressed oops, compressed class ptrs, g1 gc, windows-amd64)
GC Precious Log:
 CPUs: 8 total, 8 available
 Memory: 18309M
 Large Page Support: Disabled
 NUMA Support: Disabled
 Compressed Oops: Enabled (32-bit)
 Heap Region Size: 1M
 Heap Min Capacity: 8M
 Heap Initial Capacity: 288M
 Heap Max Capacity: 2G
 Pre-touch: Disabled
 Parallel Workers: 8
 Concurrent Workers: 2
 Concurrent Refinement Workers: 8
 Periodic GC: Disabled
Heap:
 garbage-first heap   total 303104K, used 203290K [0x0000000080000000, 0x0000000100000000)
  region size 1024K, 20 young (20480K), 8 survivors (8192K)
 Metaspace       used 103035K, committed 104192K, reserved 557056K
  class space    used 14235K, committed 14784K, reserved 425984K
GC Heap History (20 events):
Event: 49.661 GC heap before
{Heap before GC invocations=72 (full 0):
 garbage-first heap   total 251904K, used 224470K [0x0000000080000000, 0x0000000100000000)
  region size 1024K, 50 young (51200K), 7 survivors (7168K)
 Metaspace       used 99109K, committed 100160K, reserved 557056K
  class space    used 13846K, committed 14336K, reserved 425984K
}
Event: 49.669 GC heap after
{Heap after GC invocations=73 (full 0):
 garbage-first heap   total 251904K, used 173259K [0x0000000080000000, 0x0000000100000000)
  region size 1024K, 5 young (5120K), 5 survivors (5120K)
 Metaspace       used 99109K, committed 100160K, reserved 557056K
  class space    used 13846K, committed 14336K, reserved 425984K
}
Event: 50.222 GC heap before
{Heap before GC invocations=73 (full 0):
 garbage-first heap   total 251904K, used 217291K [0x0000000080000000, 0x0000000100000000)
  region size 1024K, 45 young (46080K), 5 survivors (5120K)
 Metaspace       used 99219K, committed 100288K, reserved 557056K
  class space    used 13855K, committed 14400K, reserved 425984K
}
Event: 50.229 GC heap after
{Heap after GC invocations=74 (full 0):
 garbage-first heap   total 251904K, used 176712K [0x0000000080000000, 0x0000000100000000)
  region size 1024K, 4 young (4096K), 4 survivors (4096K)
 Metaspace       used 99219K, committed 100288K, reserved 557056K
  class space    used 13855K, committed 14400K, reserved 425984K
}
Event: 50.775 GC heap before
{Heap before GC invocations=74 (full 0):
 garbage-first heap   total 251904K, used 223816K [0x0000000080000000, 0x0000000100000000)
  region size 1024K, 43 young (44032K), 4 survivors (4096K)
 Metaspace       used 99329K, committed 100416K, reserved 557056K
  class space    used 13867K, committed 14400K, reserved 425984K
}
Event: 50.782 GC heap after
{Heap after GC invocations=75 (full 0):
 garbage-first heap   total 251904K, used 179396K [0x0000000080000000, 0x0000000100000000)
  region size 1024K, 6 young (6144K), 6 survivors (6144K)
 Metaspace       used 99329K, committed 100416K, reserved 557056K
  class space    used 13867K, committed 14400K, reserved 425984K
}
Event: 51.130 GC heap before
{Heap before GC invocations=75 (full 0):
 garbage-first heap   total 251904K, used 215236K [0x0000000080000000, 0x0000000100000000)
  region size 1024K, 42 young (43008K), 6 survivors (6144K)
 Metaspace       used 99485K, committed 100544K, reserved 557056K
  class space    used 13892K, committed 14400K, reserved 425984K
}
Event: 51.137 GC heap after
{Heap after GC invocations=76 (full 0):
 garbage-first heap   total 251904K, used 181572K [0x0000000080000000, 0x0000000100000000)
  region size 1024K, 6 young (6144K), 6 survivors (6144K)
 Metaspace       used 99485K, committed 100544K, reserved 557056K
  class space    used 13892K, committed 14400K, reserved 425984K
}
Event: 51.462 GC heap before
{Heap before GC invocations=76 (full 0):
 garbage-first heap   total 251904K, used 219460K [0x0000000080000000, 0x0000000100000000)
  region size 1024K, 40 young (40960K), 6 survivors (6144K)
 Metaspace       used 99512K, committed 100608K, reserved 557056K
  class space    used 13893K, committed 14400K, reserved 425984K
}
Event: 51.469 GC heap after
{Heap after GC invocations=77 (full 0):
 garbage-first heap   total 251904K, used 183717K [0x0000000080000000, 0x0000000100000000)
  region size 1024K, 5 young (5120K), 5 survivors (5120K)
 Metaspace       used 99512K, committed 100608K, reserved 557056K
  class space    used 13893K, committed 14400K, reserved 425984K
}
Event: 51.797 GC heap before
{Heap before GC invocations=77 (full 0):
 garbage-first heap   total 251904K, used 216485K [0x0000000080000000, 0x0000000100000000)
  region size 1024K, 38 young (38912K), 5 survivors (5120K)
 Metaspace       used 99545K, committed 100608K, reserved 557056K
  class space    used 13896K, committed 14400K, reserved 425984K
}
Event: 51.802 GC heap after
{Heap after GC invocations=78 (full 0):
 garbage-first heap   total 251904K, used 184979K [0x0000000080000000, 0x0000000100000000)
  region size 1024K, 4 young (4096K), 4 survivors (4096K)
 Metaspace       used 99545K, committed 100608K, reserved 557056K
  class space    used 13896K, committed 14400K, reserved 425984K
}
Event: 52.107 GC heap before
{Heap before GC invocations=78 (full 0):
 garbage-first heap   total 251904K, used 217747K [0x0000000080000000, 0x0000000100000000)
  region size 1024K, 32 young (32768K), 4 survivors (4096K)
 Metaspace       used 99882K, committed 100928K, reserved 557056K
  class space    used 13939K, committed 14464K, reserved 425984K
}
Event: 52.113 GC heap after
{Heap after GC invocations=79 (full 0):
 garbage-first heap   total 251904K, used 188796K [0x0000000080000000, 0x0000000100000000)
  region size 1024K, 4 young (4096K), 4 survivors (4096K)
 Metaspace       used 99882K, committed 100928K, reserved 557056K
  class space    used 13939K, committed 14464K, reserved 425984K
}
Event: 57.262 GC heap before
{Heap before GC invocations=79 (full 0):
 garbage-first heap   total 251904K, used 220540K [0x0000000080000000, 0x0000000100000000)
  region size 1024K, 33 young (33792K), 4 survivors (4096K)
 Metaspace       used 102392K, committed 103552K, reserved 557056K
  class space    used 14213K, committed 14784K, reserved 425984K
}
Event: 57.268 GC heap after
{Heap after GC invocations=80 (full 0):
 garbage-first heap   total 303104K, used 189638K [0x0000000080000000, 0x0000000100000000)
  region size 1024K, 5 young (5120K), 5 survivors (5120K)
 Metaspace       used 102392K, committed 103552K, reserved 557056K
  class space    used 14213K, committed 14784K, reserved 425984K
}
Event: 3009.681 GC heap before
{Heap before GC invocations=80 (full 0):
 garbage-first heap   total 303104K, used 256198K [0x0000000080000000, 0x0000000100000000)
  region size 1024K, 71 young (72704K), 5 survivors (5120K)
 Metaspace       used 102756K, committed 103936K, reserved 557056K
  class space    used 14218K, committed 14784K, reserved 425984K
}
Event: 3009.688 GC heap after
{Heap after GC invocations=81 (full 0):
 garbage-first heap   total 303104K, used 189722K [0x0000000080000000, 0x0000000100000000)
  region size 1024K, 5 young (5120K), 5 survivors (5120K)
 Metaspace       used 102756K, committed 103936K, reserved 557056K
  class space    used 14218K, committed 14784K, reserved 425984K
}
Event: 4604.799 GC heap before
{Heap before GC invocations=81 (full 0):
 garbage-first heap   total 303104K, used 258330K [0x0000000080000000, 0x0000000100000000)
  region size 1024K, 73 young (74752K), 5 survivors (5120K)
 Metaspace       used 102979K, committed 104192K, reserved 557056K
  class space    used 14231K, committed 14784K, reserved 425984K
}
Event: 4604.807 GC heap after
{Heap after GC invocations=82 (full 0):
 garbage-first heap   total 303104K, used 193050K [0x0000000080000000, 0x0000000100000000)
  region size 1024K, 8 young (8192K), 8 survivors (8192K)
 Metaspace       used 102979K, committed 104192K, reserved 557056K
  class space    used 14231K, committed 14784K, reserved 425984K
}

