# JRE version: OpenJDK Runtime Environment Microsoft-8035246 (17.0.8+7) (build 17.0.8+7-LTS)
# Java VM: OpenJDK 64-Bit Server VM Microsoft-8035246 (17.0.8+7-LTS, mixed mode, sharing, tiered, compressed oops, compressed class ptrs, g1 gc, windows-amd64)
GC Precious Log:
 CPUs: 8 total, 8 available
 Memory: 18309M
 Large Page Support: Disabled
 NUMA Support: Disabled
 Compressed Oops: Enabled (32-bit)
 Heap Region Size: 1M
 Heap Min Capacity: 8M
 Heap Initial Capacity: 288M
 Heap Max Capacity: 2G
 Pre-touch: Disabled
 Parallel Workers: 8
 Concurrent Workers: 2
 Concurrent Refinement Workers: 8
 Periodic GC: Disabled
Heap:
 garbage-first heap   total 297984K, used 172935K [0x0000000080000000, 0x0000000100000000)
  region size 1024K, 20 young (20480K), 9 survivors (9216K)
 Metaspace       used 104042K, committed 105088K, reserved 557056K
  class space    used 14472K, committed 14976K, reserved 425984K
GC Heap History (20 events):
Event: 42.265 GC heap before
{Heap before GC invocations=52 (full 0):
 garbage-first heap   total 208896K, used 130182K [0x0000000080000000, 0x0000000100000000)
  region size 1024K, 4 young (4096K), 2 survivors (2048K)
 Metaspace       used 94338K, committed 95232K, reserved 557056K
  class space    used 13154K, committed 13568K, reserved 425984K
}
Event: 42.268 GC heap after
{Heap after GC invocations=53 (full 0):
 garbage-first heap   total 208896K, used 131200K [0x0000000080000000, 0x0000000100000000)
  region size 1024K, 3 young (3072K), 3 survivors (3072K)
 Metaspace       used 94338K, committed 95232K, reserved 557056K
  class space    used 13154K, committed 13568K, reserved 425984K
}
Event: 42.839 GC heap before
{Heap before GC invocations=54 (full 0):
 garbage-first heap   total 230400K, used 152704K [0x0000000080000000, 0x0000000100000000)
  region size 1024K, 24 young (24576K), 3 survivors (3072K)
 Metaspace       used 94678K, committed 95616K, reserved 557056K
  class space    used 13196K, committed 13632K, reserved 425984K
}
Event: 42.846 GC heap after
{Heap after GC invocations=55 (full 0):
 garbage-first heap   total 230400K, used 138885K [0x0000000080000000, 0x0000000100000000)
  region size 1024K, 3 young (3072K), 3 survivors (3072K)
 Metaspace       used 94678K, committed 95616K, reserved 557056K
  class space    used 13196K, committed 13632K, reserved 425984K
}
Event: 42.958 GC heap before
{Heap before GC invocations=55 (full 0):
 garbage-first heap   total 230400K, used 147077K [0x0000000080000000, 0x0000000100000000)
  region size 1024K, 11 young (11264K), 3 survivors (3072K)
 Metaspace       used 94834K, committed 95744K, reserved 557056K
  class space    used 13212K, committed 13632K, reserved 425984K
}
Event: 42.963 GC heap after
{Heap after GC invocations=56 (full 0):
 garbage-first heap   total 230400K, used 139593K [0x0000000080000000, 0x0000000100000000)
  region size 1024K, 2 young (2048K), 2 survivors (2048K)
 Metaspace       used 94834K, committed 95744K, reserved 557056K
  class space    used 13212K, committed 13632K, reserved 425984K
}
Event: 43.342 GC heap before
{Heap before GC invocations=56 (full 0):
 garbage-first heap   total 230400K, used 167241K [0x0000000080000000, 0x0000000100000000)
  region size 1024K, 29 young (29696K), 2 survivors (2048K)
 Metaspace       used 96655K, committed 97600K, reserved 557056K
  class space    used 13475K, committed 13888K, reserved 425984K
}
Event: 43.347 GC heap after
{Heap after GC invocations=57 (full 0):
 garbage-first heap   total 230400K, used 140931K [0x0000000080000000, 0x0000000100000000)
  region size 1024K, 3 young (3072K), 3 survivors (3072K)
 Metaspace       used 96655K, committed 97600K, reserved 557056K
  class space    used 13475K, committed 13888K, reserved 425984K
}
Event: 43.911 GC heap before
{Heap before GC invocations=58 (full 0):
 garbage-first heap   total 247808K, used 170627K [0x0000000080000000, 0x0000000100000000)
  region size 1024K, 32 young (32768K), 3 survivors (3072K)
 Metaspace       used 99181K, committed 100224K, reserved 557056K
  class space    used 13845K, committed 14336K, reserved 425984K
}
Event: 43.917 GC heap after
{Heap after GC invocations=59 (full 0):
 garbage-first heap   total 247808K, used 142308K [0x0000000080000000, 0x0000000100000000)
  region size 1024K, 3 young (3072K), 3 survivors (3072K)
 Metaspace       used 99181K, committed 100224K, reserved 557056K
  class space    used 13845K, committed 14336K, reserved 425984K
}
Event: 44.139 GC heap before
{Heap before GC invocations=59 (full 0):
 garbage-first heap   total 247808K, used 151524K [0x0000000080000000, 0x0000000100000000)
  region size 1024K, 12 young (12288K), 3 survivors (3072K)
 Metaspace       used 99805K, committed 100864K, reserved 557056K
  class space    used 13931K, committed 14400K, reserved 425984K
}
Event: 44.144 GC heap after
{Heap after GC invocations=60 (full 0):
 garbage-first heap   total 247808K, used 142793K [0x0000000080000000, 0x0000000100000000)
  region size 1024K, 2 young (2048K), 2 survivors (2048K)
 Metaspace       used 99805K, committed 100864K, reserved 557056K
  class space    used 13931K, committed 14400K, reserved 425984K
}
Event: 44.930 GC heap before
{Heap before GC invocations=60 (full 0):
 garbage-first heap   total 247808K, used 182729K [0x0000000080000000, 0x0000000100000000)
  region size 1024K, 41 young (41984K), 2 survivors (2048K)
 Metaspace       used 101370K, committed 102400K, reserved 557056K
  class space    used 14123K, committed 14592K, reserved 425984K
}
Event: 44.937 GC heap after
{Heap after GC invocations=61 (full 0):
 garbage-first heap   total 297984K, used 146980K [0x0000000080000000, 0x0000000100000000)
  region size 1024K, 6 young (6144K), 6 survivors (6144K)
 Metaspace       used 101370K, committed 102400K, reserved 557056K
  class space    used 14123K, committed 14592K, reserved 425984K
}
Event: 45.871 GC heap before
{Heap before GC invocations=61 (full 0):
 garbage-first heap   total 297984K, used 210468K [0x0000000080000000, 0x0000000100000000)
  region size 1024K, 68 young (69632K), 6 survivors (6144K)
 Metaspace       used 102299K, committed 103296K, reserved 557056K
  class space    used 14211K, committed 14720K, reserved 425984K
}
Event: 45.882 GC heap after
{Heap after GC invocations=62 (full 0):
 garbage-first heap   total 297984K, used 152607K [0x0000000080000000, 0x0000000100000000)
  region size 1024K, 9 young (9216K), 9 survivors (9216K)
 Metaspace       used 102299K, committed 103296K, reserved 557056K
  class space    used 14211K, committed 14720K, reserved 425984K
}
Event: 47.149 GC heap before
{Heap before GC invocations=62 (full 0):
 garbage-first heap   total 297984K, used 217119K [0x0000000080000000, 0x0000000100000000)
  region size 1024K, 73 young (74752K), 9 survivors (9216K)
 Metaspace       used 103608K, committed 104704K, reserved 557056K
  class space    used 14419K, committed 14912K, reserved 425984K
}
Event: 47.161 GC heap after
{Heap after GC invocations=63 (full 0):
 garbage-first heap   total 297984K, used 158237K [0x0000000080000000, 0x0000000100000000)
  region size 1024K, 6 young (6144K), 6 survivors (6144K)
 Metaspace       used 103608K, committed 104704K, reserved 557056K
  class space    used 14419K, committed 14912K, reserved 425984K
}
Event: 48.431 GC heap before
{Heap before GC invocations=63 (full 0):
 garbage-first heap   total 297984K, used 223773K [0x0000000080000000, 0x0000000100000000)
  region size 1024K, 71 young (72704K), 6 survivors (6144K)
 Metaspace       used 104036K, committed 105088K, reserved 557056K
  class space    used 14472K, committed 14976K, reserved 425984K
}
Event: 48.441 GC heap after
{Heap after GC invocations=64 (full 0):
 garbage-first heap   total 297984K, used 163719K [0x0000000080000000, 0x0000000100000000)
  region size 1024K, 9 young (9216K), 9 survivors (9216K)
 Metaspace       used 104036K, committed 105088K, reserved 557056K
  class space    used 14472K, committed 14976K, reserved 425984K
}

